{"name": "Заказы пользователя из раздела «История заказов» отображаются на странице «Лента заказов»", "status": "broken", "statusDetails": {"message": "selenium.common.exceptions.TimeoutException: Message:", "trace": "self = <tests.test_order_list.TestOrdersLine object at 0x000001D38356C5C0>, driver = <selenium.webdriver.firefox.webdriver.WebDriver (session=\"99115f89-383c-4f2d-97f6-7da6a3519568\")>\nmake_user = <function make_user.<locals>._make_user at 0x000001D3838B0400>, create_user_payload = <function create_user_payload.<locals>._create_user_payload at 0x000001D3838B1620>\n\n    @allure.title('Заказы пользователя из раздела «История заказов» отображаются на странице «Лента заказов»')\n    def test_new_order_appears_in_orders_list(self, driver, make_user, create_user_payload):\n        entrance_page = MainFunctionalityPage(driver)\n        entrance_page.open_page(URLS.ENTRANCE_PAGE_SUBDIRECTORY)\n        payload = create_user_payload(name='rand', password='rand', email='rand')\n        user = make_user(data=payload)\n        entrance_page.fill_email_and_password_and_enter(email=payload[\"email\"], password=payload[\"password\"])\n        main_page = MainFunctionalityPage(driver)\n        main_page.wait_for_main_page_header_loaded()\n        main_page.make_order()\n>       order_id = main_page.get_order_id_when_created()\n\ntests\\test_order_list.py:31: \n_ _ _ _ _ _ _ _ _ _ _ _ _ _ _ _ _ _ _ _ _ _ _ _ _ _ _ _ _ _ _ _ _ _ _ _ _ _ _ _ _ _ _ _ _ _ _ _ _ _ _ _ _ _ _ _ _ _ _ _ _ _ _ _ _ _ _ _ _ _ _ _ _ _ _ _ _ _ _ _ _ _ _ _ _ _ _ _ _ _ _ _ _ _ _ _ _ _ _ _ _ _ _ _ _ _ _ _ _ _ _ _ _ _\npages\\main_functionality_page.py:63: in get_order_id_when_created\n    self.wait_until_element_not_present(MainFunctionalityLocators.TEMPORARY_ORDER_MODAL_HEADER)\npages\\base_page.py:54: in wait_until_element_not_present\n    WebDriverWait(self.driver, time).until(expected_conditions.invisibility_of_element_located(locator))\n_ _ _ _ _ _ _ _ _ _ _ _ _ _ _ _ _ _ _ _ _ _ _ _ _ _ _ _ _ _ _ _ _ _ _ _ _ _ _ _ _ _ _ _ _ _ _ _ _ _ _ _ _ _ _ _ _ _ _ _ _ _ _ _ _ _ _ _ _ _ _ _ _ _ _ _ _ _ _ _ _ _ _ _ _ _ _ _ _ _ _ _ _ _ _ _ _ _ _ _ _ _ _ _ _ _ _ _ _ _ _ _ _ _\n\nself = <selenium.webdriver.support.wait.WebDriverWait (session=\"99115f89-383c-4f2d-97f6-7da6a3519568\")>, method = <function invisibility_of_element_located.<locals>._predicate at 0x000001D3838B0D60>, message = ''\n\n    def until(self, method: Callable[[D], Union[Literal[False], T]], message: str = \"\") -> T:\n        \"\"\"Calls the method provided with the driver as an argument until the \\\n        return value does not evaluate to ``False``.\n    \n        :param method: callable(WebDriver)\n        :param message: optional message for :exc:`TimeoutException`\n        :returns: the result of the last call to `method`\n        :raises: :exc:`selenium.common.exceptions.TimeoutException` if timeout occurs\n        \"\"\"\n        screen = None\n        stacktrace = None\n    \n        end_time = time.monotonic() + self._timeout\n        while True:\n            try:\n                value = method(self._driver)\n                if value:\n                    return value\n            except self._ignored_exceptions as exc:\n                screen = getattr(exc, \"screen\", None)\n                stacktrace = getattr(exc, \"stacktrace\", None)\n            time.sleep(self._poll)\n            if time.monotonic() > end_time:\n                break\n>       raise TimeoutException(message, screen, stacktrace)\nE       selenium.common.exceptions.TimeoutException: Message:\n\n..\\..\\..\\AppData\\Local\\Packages\\PythonSoftwareFoundation.Python.3.12_qbz5n2kfra8p0\\LocalCache\\local-packages\\Python312\\site-packages\\selenium\\webdriver\\support\\wait.py:105: TimeoutException"}, "steps": [{"name": "Открытие страницы по URL", "status": "passed", "parameters": [{"name": "subdir", "value": "'login'"}], "start": 1714931109802, "stop": 1714931110050}, {"name": "Создаем пользователя, отправив запрос POST", "status": "passed", "parameters": [{"name": "data", "value": "{'name': 'Brent Warren', 'password': 'Matthew Johnson', 'email': 'ufranklin@example.org'}"}], "start": 1714931110051, "stop": 1714931110626}, {"name": "Заполнение полей email и пароль, переход по кнопке Вход", "status": "passed", "steps": [{"name": "Ожидание загрузки заголовка страницы входа", "status": "passed", "steps": [{"name": "Ожидание загрузки заголовка страницы", "status": "passed", "parameters": [{"name": "locator", "value": "('xpath', \".//h2[text()='Вход']\")"}, {"name": "time", "value": "50"}], "start": 1714931110626, "stop": 1714931110644}], "start": 1714931110626, "stop": 1714931110645}, {"name": "Ввести email", "status": "passed", "steps": [{"name": "Ввод текста в элемент", "status": "passed", "steps": [{"name": "Поиск элемента по локатору", "status": "passed", "parameters": [{"name": "locator", "value": "('xpath', \"//label[text()='Email']/following-sibling::*\")"}, {"name": "time", "value": "10"}], "start": 1714931110647, "stop": 1714931110648}], "parameters": [{"name": "locator", "value": "('xpath', \"//label[text()='Email']/following-sibling::*\")"}, {"name": "time", "value": "10"}, {"name": "keys", "value": "'ufranklin@example.org'"}], "start": 1714931110645, "stop": 1714931110698}], "parameters": [{"name": "email", "value": "'ufranklin@example.org'"}], "start": 1714931110645, "stop": 1714931110698}, {"name": "Ввести пароль", "status": "passed", "steps": [{"name": "Ввод текста в элемент", "status": "passed", "steps": [{"name": "Поиск элемента по локатору", "status": "passed", "parameters": [{"name": "locator", "value": "('xpath', \"//label[text()='Пароль']/following-sibling::*\")"}, {"name": "time", "value": "10"}], "start": 1714931110700, "stop": 1714931110702}], "parameters": [{"name": "locator", "value": "('xpath', \"//label[text()='Пароль']/following-sibling::*\")"}, {"name": "time", "value": "10"}, {"name": "keys", "value": "'Matthew Johnson'"}], "start": 1714931110698, "stop": 1714931110716}], "parameters": [{"name": "password", "value": "'Matthew Johnson'"}], "start": 1714931110698, "stop": 1714931110716}, {"name": "Переход по кнопке Войти", "status": "passed", "steps": [{"name": "Нажать на элемент", "status": "passed", "parameters": [{"name": "locator", "value": "('xpath', \"//button[text()='Войти']\")"}, {"name": "time", "value": "10"}], "start": 1714931110716, "stop": 1714931110929}], "start": 1714931110716, "stop": 1714931110929}, {"name": "Проверка текущей ссылки", "status": "passed", "parameters": [{"name": "subdir", "value": "''"}], "start": 1714931110929, "stop": 1714931110931}], "parameters": [{"name": "email", "value": "'ufranklin@example.org'"}, {"name": "password", "value": "'Matthew Johnson'"}], "start": 1714931110626, "stop": 1714931110931}, {"name": "Ожидание загрузки заголовка главной страницы проекта", "status": "passed", "steps": [{"name": "Ожидание загрузки заголовка страницы", "status": "passed", "parameters": [{"name": "locator", "value": "('xpath', \".//h1[text()='Соберите бургер']\")"}, {"name": "time", "value": "50"}], "start": 1714931110931, "stop": 1714931110942}], "start": 1714931110931, "stop": 1714931110942}, {"name": "Создание заказа", "status": "passed", "steps": [{"name": "Добавление первого ингредиента в корзину", "status": "passed", "steps": [{"name": "Драг-н-дроп элемента на элемент", "status": "passed", "parameters": [{"name": "source", "value": "('xpath', \"//a[contains(@class, 'BurgerIngredient_ingredient_')][1]\")"}, {"name": "target", "value": "('xpath', \"//section[contains(@class, 'BurgerConstructor_basket')]\")"}], "start": 1714931110942, "stop": 1714931111536}], "start": 1714931110942, "stop": 1714931111536}, {"name": "Оформить заказ", "status": "passed", "steps": [{"name": "Нажать на элемент", "status": "passed", "parameters": [{"name": "locator", "value": "('xpath', \"//button[text()='Оформить заказ']\")"}, {"name": "time", "value": "10"}], "start": 1714931111536, "stop": 1714931111753}], "start": 1714931111536, "stop": 1714931111753}], "start": 1714931110942, "stop": 1714931111753}, {"name": "Получение значения ID заказа при его оформлении", "status": "broken", "statusDetails": {"message": "selenium.common.exceptions.TimeoutException: Message: \n\n", "trace": "  File \"C:\\Users\\Сергей\\AppData\\Local\\Packages\\PythonSoftwareFoundation.Python.3.12_qbz5n2kfra8p0\\LocalCache\\local-packages\\Python312\\site-packages\\allure_commons\\_allure.py\", line 192, in impl\n    return func(*a, **kw)\n           ^^^^^^^^^^^^^^\n  File \"C:\\Users\\Сергей\\PycharmProjects\\Diplom\\Diplom_3\\pages\\main_functionality_page.py\", line 63, in get_order_id_when_created\n    self.wait_until_element_not_present(MainFunctionalityLocators.TEMPORARY_ORDER_MODAL_HEADER)\n  File \"C:\\Users\\Сергей\\AppData\\Local\\Packages\\PythonSoftwareFoundation.Python.3.12_qbz5n2kfra8p0\\LocalCache\\local-packages\\Python312\\site-packages\\allure_commons\\_allure.py\", line 192, in impl\n    return func(*a, **kw)\n           ^^^^^^^^^^^^^^\n  File \"C:\\Users\\Сергей\\PycharmProjects\\Diplom\\Diplom_3\\pages\\base_page.py\", line 54, in wait_until_element_not_present\n    WebDriverWait(self.driver, time).until(expected_conditions.invisibility_of_element_located(locator))\n  File \"C:\\Users\\Сергей\\AppData\\Local\\Packages\\PythonSoftwareFoundation.Python.3.12_qbz5n2kfra8p0\\LocalCache\\local-packages\\Python312\\site-packages\\selenium\\webdriver\\support\\wait.py\", line 105, in until\n    raise TimeoutException(message, screen, stacktrace)\n"}, "steps": [{"name": "Ожидание исчезновения элемента", "status": "broken", "statusDetails": {"message": "selenium.common.exceptions.TimeoutException: Message: \n\n", "trace": "  File \"C:\\Users\\Сергей\\AppData\\Local\\Packages\\PythonSoftwareFoundation.Python.3.12_qbz5n2kfra8p0\\LocalCache\\local-packages\\Python312\\site-packages\\allure_commons\\_allure.py\", line 192, in impl\n    return func(*a, **kw)\n           ^^^^^^^^^^^^^^\n  File \"C:\\Users\\Сергей\\PycharmProjects\\Diplom\\Diplom_3\\pages\\base_page.py\", line 54, in wait_until_element_not_present\n    WebDriverWait(self.driver, time).until(expected_conditions.invisibility_of_element_located(locator))\n  File \"C:\\Users\\Сергей\\AppData\\Local\\Packages\\PythonSoftwareFoundation.Python.3.12_qbz5n2kfra8p0\\LocalCache\\local-packages\\Python312\\site-packages\\selenium\\webdriver\\support\\wait.py\", line 105, in until\n    raise TimeoutException(message, screen, stacktrace)\n"}, "parameters": [{"name": "locator", "value": "('xpath', \"//h2[text()='9999']\")"}, {"name": "time", "value": "50"}], "start": 1714931111753, "stop": 1714931162056}], "start": 1714931111753, "stop": 1714931162057}], "parameters": [{"name": "driver", "value": "'firefox'"}], "start": 1714931109802, "stop": 1714931162058, "uuid": "a33115c2-99d0-4206-bc31-1358807292f4", "historyId": "8f0105068bb339d79ad6b85de568f845", "testCaseId": "4a6a46e02f38d0d9f0536dbb6f30fefa", "fullName": "tests.test_order_list.TestOrdersLine#test_new_order_appears_in_orders_list", "labels": [{"name": "parentSuite", "value": "tests"}, {"name": "suite", "value": "test_order_list"}, {"name": "subSuite", "value": "TestOrdersLine"}, {"name": "host", "value": "DESKTOP-6OEUNT0"}, {"name": "thread", "value": "2212-MainThread"}, {"name": "framework", "value": "pytest"}, {"name": "language", "value": "cpython3"}, {"name": "package", "value": "tests.test_order_list"}]}