{"name": "После оформления заказа его номер появляется в разделе В работе", "status": "broken", "statusDetails": {"message": "selenium.common.exceptions.TimeoutException: Message:", "trace": "self = <tests.test_order_list.TestOrdersLine object at 0x0000021E66D69460>, driver = <selenium.webdriver.firefox.webdriver.WebDriver (session=\"5bfc5029-f20b-42cd-a70d-bd9cf2abfe95\")>\nmake_user = <function make_user.<locals>._make_user at 0x0000021E66E9B420>, create_user_payload = <function create_user_payload.<locals>._create_user_payload at 0x0000021E66E9B2E0>\n\n    @allure.title('После оформления заказа его номер появляется в разделе В работе')\n    def test_new_order_appears_in_processing_orders(self, driver, make_user, create_user_payload):\n        entrance_page = MainFunctionalityPage(driver)\n        entrance_page.open_page(URLS.ENTRANCE_PAGE_SUBDIRECTORY)\n        payload = create_user_payload(name='rand', password='rand', email='rand')\n        user = make_user(data=payload)\n        entrance_page.fill_email_and_password_and_enter(email=payload[\"email\"], password=payload[\"password\"])\n        main_page = MainFunctionalityPage(driver)\n        main_page.wait_for_main_page_header_loaded()\n        main_page.make_order()\n        main_page.wait_for_order_modal_window()\n>       order_id = main_page.get_order_id_when_created()\n\ntests\\test_order_list.py:79: \n_ _ _ _ _ _ _ _ _ _ _ _ _ _ _ _ _ _ _ _ _ _ _ _ _ _ _ _ _ _ _ _ _ _ _ _ _ _ _ _ _ _ _ _ _ _ _ _ _ _ _ _ _ _ _ _ _ _ _ _ _ _ _ _ _ _ _ _ _ _ _ _ _ _ _ _ _ _ _ _ _ _ _ _ _ _ _ _ _ _ _ _ _ _ _ _ _ _ _ _ _ _ _ _ _ _ _ _ _ _ _ _ _ _\npages\\main_functionality_page.py:69: in get_order_id_when_created\n    self.wait_until_element_not_present(MainFunctionalityLocators.TEMPORARY_ORDER_MODAL_HEADER)\npages\\base_page.py:66: in wait_until_element_not_present\n    return WebDriverWait(self.driver, time).until(expected_conditions.invisibility_of_element_located(locator))\n_ _ _ _ _ _ _ _ _ _ _ _ _ _ _ _ _ _ _ _ _ _ _ _ _ _ _ _ _ _ _ _ _ _ _ _ _ _ _ _ _ _ _ _ _ _ _ _ _ _ _ _ _ _ _ _ _ _ _ _ _ _ _ _ _ _ _ _ _ _ _ _ _ _ _ _ _ _ _ _ _ _ _ _ _ _ _ _ _ _ _ _ _ _ _ _ _ _ _ _ _ _ _ _ _ _ _ _ _ _ _ _ _ _\n\nself = <selenium.webdriver.support.wait.WebDriverWait (session=\"5bfc5029-f20b-42cd-a70d-bd9cf2abfe95\")>, method = <function invisibility_of_element_located.<locals>._predicate at 0x0000021E66E9B880>, message = ''\n\n    def until(self, method: Callable[[D], Union[Literal[False], T]], message: str = \"\") -> T:\n        \"\"\"Calls the method provided with the driver as an argument until the \\\n        return value does not evaluate to ``False``.\n    \n        :param method: callable(WebDriver)\n        :param message: optional message for :exc:`TimeoutException`\n        :returns: the result of the last call to `method`\n        :raises: :exc:`selenium.common.exceptions.TimeoutException` if timeout occurs\n        \"\"\"\n        screen = None\n        stacktrace = None\n    \n        end_time = time.monotonic() + self._timeout\n        while True:\n            try:\n                value = method(self._driver)\n                if value:\n                    return value\n            except self._ignored_exceptions as exc:\n                screen = getattr(exc, \"screen\", None)\n                stacktrace = getattr(exc, \"stacktrace\", None)\n            time.sleep(self._poll)\n            if time.monotonic() > end_time:\n                break\n>       raise TimeoutException(message, screen, stacktrace)\nE       selenium.common.exceptions.TimeoutException: Message:\n\n..\\..\\..\\AppData\\Local\\Packages\\PythonSoftwareFoundation.Python.3.12_qbz5n2kfra8p0\\LocalCache\\local-packages\\Python312\\site-packages\\selenium\\webdriver\\support\\wait.py:105: TimeoutException"}, "steps": [{"name": "Открытие страницы по URL", "status": "passed", "parameters": [{"name": "subdir", "value": "'login'"}], "start": 1715455301063, "stop": 1715455301316}, {"name": "Создаем пользователя, отправив запрос POST", "status": "passed", "steps": [{"name": "Подготовка запроса Post", "status": "passed", "parameters": [{"name": "url", "value": "'https://stellarburgers.nomoreparties.site/api/auth/register'"}, {"name": "data", "value": "{'name': 'John Perez', 'password': 'Daniel Ruiz MD', 'email': 'pschultz@example.net'}"}], "start": 1715455301317, "stop": 1715455301927}], "parameters": [{"name": "data", "value": "{'name': 'John Perez', 'password': 'Daniel Ruiz MD', 'email': 'pschultz@example.net'}"}], "start": 1715455301316, "stop": 1715455301927}, {"name": "Заполнение полей email и пароль, переход по кнопке Вход", "status": "passed", "steps": [{"name": "Ожидание загрузки заголовка страницы входа", "status": "passed", "steps": [{"name": "Ожидание загрузки заголовка страницы", "status": "passed", "parameters": [{"name": "locator", "value": "('xpath', \".//h2[text()='Вход']\")"}, {"name": "time", "value": "50"}], "start": 1715455301927, "stop": 1715455301946}], "start": 1715455301927, "stop": 1715455301946}, {"name": "Ввести email", "status": "passed", "steps": [{"name": "Ввод текста в элемент", "status": "passed", "steps": [{"name": "Поиск элемента по локатору", "status": "passed", "parameters": [{"name": "locator", "value": "('xpath', \"//label[text()='Email']/following-sibling::*\")"}, {"name": "time", "value": "10"}], "start": 1715455301946, "stop": 1715455301948}, {"name": "Поиск элемента по локатору", "status": "passed", "parameters": [{"name": "locator", "value": "('xpath', \"//label[text()='Email']/following-sibling::*\")"}, {"name": "time", "value": "10"}], "start": 1715455301948, "stop": 1715455301950}], "parameters": [{"name": "locator", "value": "('xpath', \"//label[text()='Email']/following-sibling::*\")"}, {"name": "keys", "value": "'pschultz@example.net'"}], "start": 1715455301946, "stop": 1715455301996}], "parameters": [{"name": "email", "value": "'pschultz@example.net'"}], "start": 1715455301946, "stop": 1715455301996}, {"name": "Ввести пароль", "status": "passed", "steps": [{"name": "Ввод текста в элемент", "status": "passed", "steps": [{"name": "Поиск элемента по локатору", "status": "passed", "parameters": [{"name": "locator", "value": "('xpath', \"//label[text()='Пароль']/following-sibling::*\")"}, {"name": "time", "value": "10"}], "start": 1715455301997, "stop": 1715455302000}, {"name": "Поиск элемента по локатору", "status": "passed", "parameters": [{"name": "locator", "value": "('xpath', \"//label[text()='Пароль']/following-sibling::*\")"}, {"name": "time", "value": "10"}], "start": 1715455302000, "stop": 1715455302002}], "parameters": [{"name": "locator", "value": "('xpath', \"//label[text()='Пароль']/following-sibling::*\")"}, {"name": "keys", "value": "'Daniel Ruiz MD'"}], "start": 1715455301997, "stop": 1715455302016}], "parameters": [{"name": "password", "value": "'Daniel Ruiz MD'"}], "start": 1715455301997, "stop": 1715455302016}, {"name": "Переход по кнопке Войти", "status": "passed", "steps": [{"name": "Нажать на элемент", "status": "passed", "steps": [{"name": "Поиск элемента по локатору", "status": "passed", "parameters": [{"name": "locator", "value": "('xpath', \"//button[text()='Войти']\")"}, {"name": "time", "value": "10"}], "start": 1715455302016, "stop": 1715455302018}], "parameters": [{"name": "locator", "value": "('xpath', \"//button[text()='Войти']\")"}], "start": 1715455302016, "stop": 1715455302242}], "start": 1715455302016, "stop": 1715455302242}, {"name": "Проверка текущей ссылки", "status": "passed", "parameters": [{"name": "subdir", "value": "''"}], "start": 1715455302242, "stop": 1715455302249}], "parameters": [{"name": "email", "value": "'pschultz@example.net'"}, {"name": "password", "value": "'Daniel Ruiz MD'"}], "start": 1715455301927, "stop": 1715455302249}, {"name": "Ожидание загрузки заголовка главной страницы проекта", "status": "passed", "steps": [{"name": "Ожидание загрузки заголовка страницы", "status": "passed", "parameters": [{"name": "locator", "value": "('xpath', \".//h1[text()='Соберите бургер']\")"}, {"name": "time", "value": "50"}], "start": 1715455302250, "stop": 1715455302263}], "start": 1715455302250, "stop": 1715455302263}, {"name": "Создание заказа", "status": "passed", "steps": [{"name": "Добавление первого ингредиента в корзину", "status": "passed", "steps": [{"name": "Драг-н-дроп элемента на элемент", "status": "passed", "parameters": [{"name": "source", "value": "('xpath', \"//a[contains(@class, 'BurgerIngredient_ingredient_')][1]\")"}, {"name": "target", "value": "('xpath', \"//section[contains(@class, 'BurgerConstructor_basket')]\")"}], "start": 1715455302263, "stop": 1715455302850}], "start": 1715455302263, "stop": 1715455302850}, {"name": "Оформить заказ", "status": "passed", "steps": [{"name": "Нажать на элемент", "status": "passed", "steps": [{"name": "Поиск элемента по локатору", "status": "passed", "parameters": [{"name": "locator", "value": "('xpath', \"//button[contains(@class ,'button_button__33qZ0 button_button_type_primary__1O7Bx')]\")"}, {"name": "time", "value": "10"}], "start": 1715455302850, "stop": 1715455302853}], "parameters": [{"name": "locator", "value": "('xpath', \"//button[contains(@class ,'button_button__33qZ0 button_button_type_primary__1O7Bx')]\")"}], "start": 1715455302850, "stop": 1715455303068}], "start": 1715455302850, "stop": 1715455303068}], "start": 1715455302263, "stop": 1715455303068}, {"name": "Ожидание загрузки модального окна", "status": "passed", "steps": [{"name": "Ожидание загрузки заголовка страницы", "status": "passed", "parameters": [{"name": "locator", "value": "('xpath', \"//p[text()='идентификатор заказа']\")"}, {"name": "time", "value": "50"}], "start": 1715455303068, "stop": 1715455303079}], "start": 1715455303068, "stop": 1715455303079}, {"name": "Получение значения ID заказа при его оформлении", "status": "broken", "statusDetails": {"message": "selenium.common.exceptions.TimeoutException: Message: \n\n", "trace": "  File \"C:\\Users\\Сергей\\AppData\\Local\\Packages\\PythonSoftwareFoundation.Python.3.12_qbz5n2kfra8p0\\LocalCache\\local-packages\\Python312\\site-packages\\allure_commons\\_allure.py\", line 192, in impl\n    return func(*a, **kw)\n           ^^^^^^^^^^^^^^\n  File \"C:\\Users\\Сергей\\PycharmProjects\\Diplom\\Diplom_3\\pages\\main_functionality_page.py\", line 69, in get_order_id_when_created\n    self.wait_until_element_not_present(MainFunctionalityLocators.TEMPORARY_ORDER_MODAL_HEADER)\n  File \"C:\\Users\\Сергей\\AppData\\Local\\Packages\\PythonSoftwareFoundation.Python.3.12_qbz5n2kfra8p0\\LocalCache\\local-packages\\Python312\\site-packages\\allure_commons\\_allure.py\", line 192, in impl\n    return func(*a, **kw)\n           ^^^^^^^^^^^^^^\n  File \"C:\\Users\\Сергей\\PycharmProjects\\Diplom\\Diplom_3\\pages\\base_page.py\", line 66, in wait_until_element_not_present\n    return WebDriverWait(self.driver, time).until(expected_conditions.invisibility_of_element_located(locator))\n           ^^^^^^^^^^^^^^^^^^^^^^^^^^^^^^^^^^^^^^^^^^^^^^^^^^^^^^^^^^^^^^^^^^^^^^^^^^^^^^^^^^^^^^^^^^^^^^^^^^^^\n  File \"C:\\Users\\Сергей\\AppData\\Local\\Packages\\PythonSoftwareFoundation.Python.3.12_qbz5n2kfra8p0\\LocalCache\\local-packages\\Python312\\site-packages\\selenium\\webdriver\\support\\wait.py\", line 105, in until\n    raise TimeoutException(message, screen, stacktrace)\n"}, "steps": [{"name": "Ожидание исчезновения элемента", "status": "broken", "statusDetails": {"message": "selenium.common.exceptions.TimeoutException: Message: \n\n", "trace": "  File \"C:\\Users\\Сергей\\AppData\\Local\\Packages\\PythonSoftwareFoundation.Python.3.12_qbz5n2kfra8p0\\LocalCache\\local-packages\\Python312\\site-packages\\allure_commons\\_allure.py\", line 192, in impl\n    return func(*a, **kw)\n           ^^^^^^^^^^^^^^\n  File \"C:\\Users\\Сергей\\PycharmProjects\\Diplom\\Diplom_3\\pages\\base_page.py\", line 66, in wait_until_element_not_present\n    return WebDriverWait(self.driver, time).until(expected_conditions.invisibility_of_element_located(locator))\n           ^^^^^^^^^^^^^^^^^^^^^^^^^^^^^^^^^^^^^^^^^^^^^^^^^^^^^^^^^^^^^^^^^^^^^^^^^^^^^^^^^^^^^^^^^^^^^^^^^^^^\n  File \"C:\\Users\\Сергей\\AppData\\Local\\Packages\\PythonSoftwareFoundation.Python.3.12_qbz5n2kfra8p0\\LocalCache\\local-packages\\Python312\\site-packages\\selenium\\webdriver\\support\\wait.py\", line 105, in until\n    raise TimeoutException(message, screen, stacktrace)\n"}, "parameters": [{"name": "locator", "value": "('xpath', \"//h2[text()='9999']\")"}, {"name": "time", "value": "50"}], "start": 1715455303079, "stop": 1715455353355}], "start": 1715455303079, "stop": 1715455353356}], "parameters": [{"name": "driver", "value": "'firefox'"}], "start": 1715455301063, "stop": 1715455353357, "uuid": "42b7f8d5-ef46-4bc4-8352-3c2b6c9c51f7", "historyId": "ade7f8b399c2a5303c7f8b79f002efae", "testCaseId": "22d641bf2f43bd5747bd750f422bde57", "fullName": "tests.test_order_list.TestOrdersLine#test_new_order_appears_in_processing_orders", "labels": [{"name": "parentSuite", "value": "tests"}, {"name": "suite", "value": "test_order_list"}, {"name": "subSuite", "value": "TestOrdersLine"}, {"name": "host", "value": "DESKTOP-6OEUNT0"}, {"name": "thread", "value": "16692-MainThread"}, {"name": "framework", "value": "pytest"}, {"name": "language", "value": "cpython3"}, {"name": "package", "value": "tests.test_order_list"}]}