{"name": "Переход из Личного кабинета в Историю Заказов", "status": "broken", "statusDetails": {"message": "selenium.common.exceptions.ElementClickInterceptedException: Message: Element <p class=\"AppHeader_header__linkText__3q_va ml-2\"> is not clickable at point (1192,44) because another element <div class=\"Modal_modal_overlay__x2ZCr\"> obscures it\nStacktrace:\nRemoteError@chrome://remote/content/shared/RemoteError.sys.mjs:8:8\nWebDriverError@chrome://remote/content/shared/webdriver/Errors.sys.mjs:193:5\nElementClickInterceptedError@chrome://remote/content/shared/webdriver/Errors.sys.mjs:337:5\nwebdriverClickElement@chrome://remote/content/marionette/interaction.sys.mjs:176:11\ninteraction.clickElement@chrome://remote/content/marionette/interaction.sys.mjs:135:11\nclickElement@chrome://remote/content/marionette/actors/MarionetteCommandsChild.sys.mjs:204:29\nreceiveMessage@chrome://remote/content/marionette/actors/MarionetteCommandsChild.sys.mjs:84:31", "trace": "self = <tests.test_personal_cabinet.TestPrivateArea object at 0x000001D38356D340>, driver = <selenium.webdriver.firefox.webdriver.WebDriver (session=\"cd2f822e-5d93-48b8-bc51-6a12166df3a6\")>\nmake_user = <function make_user.<locals>._make_user at 0x000001D3838B2340>, create_user_payload = <function create_user_payload.<locals>._create_user_payload at 0x000001D3838B3560>\n\n    @allure.title('Переход из Личного кабинета в Историю Заказов')\n    def test_private_area_route_to_history(self, driver, make_user, create_user_payload):\n        entrance_page = MainFunctionalityPage(driver)\n        entrance_page.open_page(URLS.ENTRANCE_PAGE_SUBDIRECTORY)\n        payload = create_user_payload(name='rand', password='rand', email='rand')\n        user = make_user(data=payload)\n        entrance_page.fill_email_and_password_and_enter(email=payload[\"email\"], password=payload[\"password\"])\n        main_page = MainFunctionalityPage(driver)\n        main_page.wait_for_main_page_header_loaded()\n>       main_page.click_private_area_button()\n\ntests\\test_personal_cabinet.py:34: \n_ _ _ _ _ _ _ _ _ _ _ _ _ _ _ _ _ _ _ _ _ _ _ _ _ _ _ _ _ _ _ _ _ _ _ _ _ _ _ _ _ _ _ _ _ _ _ _ _ _ _ _ _ _ _ _ _ _ _ _ _ _ _ _ _ _ _ _ _ _ _ _ _ _ _ _ _ _ _ _ _ _ _ _ _ _ _ _ _ _ _ _ _ _ _ _ _ _ _ _ _ _ _ _ _ _ _ _ _ _ _ _ _ _\npages\\main_functionality_page.py:15: in click_private_area_button\n    self.click_element_located(MainFunctionalityLocators.PRIVATE_AREA)\npages\\base_page.py:40: in click_element_located\n    message=f'Element not found in {locator}').click()\n..\\..\\..\\AppData\\Local\\Packages\\PythonSoftwareFoundation.Python.3.12_qbz5n2kfra8p0\\LocalCache\\local-packages\\Python312\\site-packages\\selenium\\webdriver\\remote\\webelement.py:94: in click\n    self._execute(Command.CLICK_ELEMENT)\n..\\..\\..\\AppData\\Local\\Packages\\PythonSoftwareFoundation.Python.3.12_qbz5n2kfra8p0\\LocalCache\\local-packages\\Python312\\site-packages\\selenium\\webdriver\\remote\\webelement.py:395: in _execute\n    return self._parent.execute(command, params)\n..\\..\\..\\AppData\\Local\\Packages\\PythonSoftwareFoundation.Python.3.12_qbz5n2kfra8p0\\LocalCache\\local-packages\\Python312\\site-packages\\selenium\\webdriver\\remote\\webdriver.py:347: in execute\n    self.error_handler.check_response(response)\n_ _ _ _ _ _ _ _ _ _ _ _ _ _ _ _ _ _ _ _ _ _ _ _ _ _ _ _ _ _ _ _ _ _ _ _ _ _ _ _ _ _ _ _ _ _ _ _ _ _ _ _ _ _ _ _ _ _ _ _ _ _ _ _ _ _ _ _ _ _ _ _ _ _ _ _ _ _ _ _ _ _ _ _ _ _ _ _ _ _ _ _ _ _ _ _ _ _ _ _ _ _ _ _ _ _ _ _ _ _ _ _ _ _\n\nself = <selenium.webdriver.remote.errorhandler.ErrorHandler object at 0x000001D3838574D0>\nresponse = {'status': 400, 'value': '{\"value\":{\"error\":\"element click intercepted\",\"message\":\"Element <p class=\\\\\"AppHeader_heade...sys.mjs:204:29\\\\nreceiveMessage@chrome://remote/content/marionette/actors/MarionetteCommandsChild.sys.mjs:84:31\\\\n\"}}'}\n\n    def check_response(self, response: Dict[str, Any]) -> None:\n        \"\"\"Checks that a JSON response from the WebDriver does not have an\n        error.\n    \n        :Args:\n         - response - The JSON response from the WebDriver server as a dictionary\n           object.\n    \n        :Raises: If the response contains an error message.\n        \"\"\"\n        status = response.get(\"status\", None)\n        if not status or status == ErrorCode.SUCCESS:\n            return\n        value = None\n        message = response.get(\"message\", \"\")\n        screen: str = response.get(\"screen\", \"\")\n        stacktrace = None\n        if isinstance(status, int):\n            value_json = response.get(\"value\", None)\n            if value_json and isinstance(value_json, str):\n                import json\n    \n                try:\n                    value = json.loads(value_json)\n                    if len(value) == 1:\n                        value = value[\"value\"]\n                    status = value.get(\"error\", None)\n                    if not status:\n                        status = value.get(\"status\", ErrorCode.UNKNOWN_ERROR)\n                        message = value.get(\"value\") or value.get(\"message\")\n                        if not isinstance(message, str):\n                            value = message\n                            message = message.get(\"message\")\n                    else:\n                        message = value.get(\"message\", None)\n                except ValueError:\n                    pass\n    \n        exception_class: Type[WebDriverException]\n        e = ErrorCode()\n        error_codes = [item for item in dir(e) if not item.startswith(\"__\")]\n        for error_code in error_codes:\n            error_info = getattr(ErrorCode, error_code)\n            if isinstance(error_info, list) and status in error_info:\n                exception_class = getattr(ExceptionMapping, error_code, WebDriverException)\n                break\n        else:\n            exception_class = WebDriverException\n    \n        if not value:\n            value = response[\"value\"]\n        if isinstance(value, str):\n            raise exception_class(value)\n        if message == \"\" and \"message\" in value:\n            message = value[\"message\"]\n    \n        screen = None  # type: ignore[assignment]\n        if \"screen\" in value:\n            screen = value[\"screen\"]\n    \n        stacktrace = None\n        st_value = value.get(\"stackTrace\") or value.get(\"stacktrace\")\n        if st_value:\n            if isinstance(st_value, str):\n                stacktrace = st_value.split(\"\\n\")\n            else:\n                stacktrace = []\n                try:\n                    for frame in st_value:\n                        line = frame.get(\"lineNumber\", \"\")\n                        file = frame.get(\"fileName\", \"<anonymous>\")\n                        if line:\n                            file = f\"{file}:{line}\"\n                        meth = frame.get(\"methodName\", \"<anonymous>\")\n                        if \"className\" in frame:\n                            meth = f\"{frame['className']}.{meth}\"\n                        msg = \"    at %s (%s)\"\n                        msg = msg % (meth, file)\n                        stacktrace.append(msg)\n                except TypeError:\n                    pass\n        if exception_class == UnexpectedAlertPresentException:\n            alert_text = None\n            if \"data\" in value:\n                alert_text = value[\"data\"].get(\"text\")\n            elif \"alert\" in value:\n                alert_text = value[\"alert\"].get(\"text\")\n            raise exception_class(message, screen, stacktrace, alert_text)  # type: ignore[call-arg]  # mypy is not smart enough here\n>       raise exception_class(message, screen, stacktrace)\nE       selenium.common.exceptions.ElementClickInterceptedException: Message: Element <p class=\"AppHeader_header__linkText__3q_va ml-2\"> is not clickable at point (1192,44) because another element <div class=\"Modal_modal_overlay__x2ZCr\"> obscures it\nE       Stacktrace:\nE       RemoteError@chrome://remote/content/shared/RemoteError.sys.mjs:8:8\nE       WebDriverError@chrome://remote/content/shared/webdriver/Errors.sys.mjs:193:5\nE       ElementClickInterceptedError@chrome://remote/content/shared/webdriver/Errors.sys.mjs:337:5\nE       webdriverClickElement@chrome://remote/content/marionette/interaction.sys.mjs:176:11\nE       interaction.clickElement@chrome://remote/content/marionette/interaction.sys.mjs:135:11\nE       clickElement@chrome://remote/content/marionette/actors/MarionetteCommandsChild.sys.mjs:204:29\nE       receiveMessage@chrome://remote/content/marionette/actors/MarionetteCommandsChild.sys.mjs:84:31\n\n..\\..\\..\\AppData\\Local\\Packages\\PythonSoftwareFoundation.Python.3.12_qbz5n2kfra8p0\\LocalCache\\local-packages\\Python312\\site-packages\\selenium\\webdriver\\remote\\errorhandler.py:229: ElementClickInterceptedException"}, "steps": [{"name": "Открытие страницы по URL", "status": "passed", "parameters": [{"name": "subdir", "value": "'login'"}], "start": 1714931321642, "stop": 1714931321903}, {"name": "Создаем пользователя, отправив запрос POST", "status": "passed", "parameters": [{"name": "data", "value": "{'name': 'Bruce Ramirez', 'password': 'Cassandra Mckay', 'email': 'theresawagner@example.net'}"}], "start": 1714931321904, "stop": 1714931322522}, {"name": "Заполнение полей email и пароль, переход по кнопке Вход", "status": "passed", "steps": [{"name": "Ожидание загрузки заголовка страницы входа", "status": "passed", "steps": [{"name": "Ожидание загрузки заголовка страницы", "status": "passed", "parameters": [{"name": "locator", "value": "('xpath', \".//h2[text()='Вход']\")"}, {"name": "time", "value": "50"}], "start": 1714931322522, "stop": 1714931322538}], "start": 1714931322522, "stop": 1714931322538}, {"name": "Ввести email", "status": "passed", "steps": [{"name": "Ввод текста в элемент", "status": "passed", "steps": [{"name": "Поиск элемента по локатору", "status": "passed", "parameters": [{"name": "locator", "value": "('xpath', \"//label[text()='Email']/following-sibling::*\")"}, {"name": "time", "value": "10"}], "start": 1714931322541, "stop": 1714931322543}], "parameters": [{"name": "locator", "value": "('xpath', \"//label[text()='Email']/following-sibling::*\")"}, {"name": "time", "value": "10"}, {"name": "keys", "value": "'theresawagner@example.net'"}], "start": 1714931322539, "stop": 1714931322594}], "parameters": [{"name": "email", "value": "'theresawagner@example.net'"}], "start": 1714931322538, "stop": 1714931322594}, {"name": "Ввести пароль", "status": "passed", "steps": [{"name": "Ввод текста в элемент", "status": "passed", "steps": [{"name": "Поиск элемента по локатору", "status": "passed", "parameters": [{"name": "locator", "value": "('xpath', \"//label[text()='Пароль']/following-sibling::*\")"}, {"name": "time", "value": "10"}], "start": 1714931322596, "stop": 1714931322598}], "parameters": [{"name": "locator", "value": "('xpath', \"//label[text()='Пароль']/following-sibling::*\")"}, {"name": "time", "value": "10"}, {"name": "keys", "value": "'Cassandra Mckay'"}], "start": 1714931322594, "stop": 1714931322612}], "parameters": [{"name": "password", "value": "'Cassandra Mckay'"}], "start": 1714931322594, "stop": 1714931322612}, {"name": "Переход по кнопке Войти", "status": "passed", "steps": [{"name": "Нажать на элемент", "status": "passed", "parameters": [{"name": "locator", "value": "('xpath', \"//button[text()='Войти']\")"}, {"name": "time", "value": "10"}], "start": 1714931322612, "stop": 1714931322827}], "start": 1714931322612, "stop": 1714931322827}, {"name": "Проверка текущей ссылки", "status": "passed", "parameters": [{"name": "subdir", "value": "''"}], "start": 1714931322827, "stop": 1714931322835}], "parameters": [{"name": "email", "value": "'theresawagner@example.net'"}, {"name": "password", "value": "'Cassandra Mckay'"}], "start": 1714931322522, "stop": 1714931322835}, {"name": "Ожидание загрузки заголовка главной страницы проекта", "status": "passed", "steps": [{"name": "Ожидание загрузки заголовка страницы", "status": "passed", "parameters": [{"name": "locator", "value": "('xpath', \".//h1[text()='Соберите бургер']\")"}, {"name": "time", "value": "50"}], "start": 1714931322835, "stop": 1714931322851}], "start": 1714931322835, "stop": 1714931322851}, {"name": "Кнопка Личный кабинет", "status": "broken", "statusDetails": {"message": "selenium.common.exceptions.ElementClickInterceptedException: Message: Element <p class=\"AppHeader_header__linkText__3q_va ml-2\"> is not clickable at point (1192,44) because another element <div class=\"Modal_modal_overlay__x2ZCr\"> obscures it\nStacktrace:\nRemoteError@chrome://remote/content/shared/RemoteError.sys.mjs:8:8\nWebDriverError@chrome://remote/content/shared/webdriver/Errors.sys.mjs:193:5\nElementClickInterceptedError@chrome://remote/content/shared/webdriver/Errors.sys.mjs:337:5\nwebdriverClickElement@chrome://remote/content/marionette/interaction.sys.mjs:176:11\ninteraction.clickElement@chrome://remote/content/marionette/interaction.sys.mjs:135:11\nclickElement@chrome://remote/content/marionette/actors/MarionetteCommandsChild.sys.mjs:204:29\nreceiveMessage@chrome://remote/content/marionette/actors/MarionetteCommandsChild.sys.mjs:84:31\n\n", "trace": "  File \"C:\\Users\\Сергей\\AppData\\Local\\Packages\\PythonSoftwareFoundation.Python.3.12_qbz5n2kfra8p0\\LocalCache\\local-packages\\Python312\\site-packages\\allure_commons\\_allure.py\", line 192, in impl\n    return func(*a, **kw)\n           ^^^^^^^^^^^^^^\n  File \"C:\\Users\\Сергей\\PycharmProjects\\Diplom\\Diplom_3\\pages\\main_functionality_page.py\", line 15, in click_private_area_button\n    self.click_element_located(MainFunctionalityLocators.PRIVATE_AREA)\n  File \"C:\\Users\\Сергей\\AppData\\Local\\Packages\\PythonSoftwareFoundation.Python.3.12_qbz5n2kfra8p0\\LocalCache\\local-packages\\Python312\\site-packages\\allure_commons\\_allure.py\", line 192, in impl\n    return func(*a, **kw)\n           ^^^^^^^^^^^^^^\n  File \"C:\\Users\\Сергей\\PycharmProjects\\Diplom\\Diplom_3\\pages\\base_page.py\", line 40, in click_element_located\n    message=f'Element not found in {locator}').click()\n                                               ^^^^^^^\n  File \"C:\\Users\\Сергей\\AppData\\Local\\Packages\\PythonSoftwareFoundation.Python.3.12_qbz5n2kfra8p0\\LocalCache\\local-packages\\Python312\\site-packages\\selenium\\webdriver\\remote\\webelement.py\", line 94, in click\n    self._execute(Command.CLICK_ELEMENT)\n  File \"C:\\Users\\Сергей\\AppData\\Local\\Packages\\PythonSoftwareFoundation.Python.3.12_qbz5n2kfra8p0\\LocalCache\\local-packages\\Python312\\site-packages\\selenium\\webdriver\\remote\\webelement.py\", line 395, in _execute\n    return self._parent.execute(command, params)\n           ^^^^^^^^^^^^^^^^^^^^^^^^^^^^^^^^^^^^^\n  File \"C:\\Users\\Сергей\\AppData\\Local\\Packages\\PythonSoftwareFoundation.Python.3.12_qbz5n2kfra8p0\\LocalCache\\local-packages\\Python312\\site-packages\\selenium\\webdriver\\remote\\webdriver.py\", line 347, in execute\n    self.error_handler.check_response(response)\n  File \"C:\\Users\\Сергей\\AppData\\Local\\Packages\\PythonSoftwareFoundation.Python.3.12_qbz5n2kfra8p0\\LocalCache\\local-packages\\Python312\\site-packages\\selenium\\webdriver\\remote\\errorhandler.py\", line 229, in check_response\n    raise exception_class(message, screen, stacktrace)\n"}, "steps": [{"name": "Нажать на элемент", "status": "broken", "statusDetails": {"message": "selenium.common.exceptions.ElementClickInterceptedException: Message: Element <p class=\"AppHeader_header__linkText__3q_va ml-2\"> is not clickable at point (1192,44) because another element <div class=\"Modal_modal_overlay__x2ZCr\"> obscures it\nStacktrace:\nRemoteError@chrome://remote/content/shared/RemoteError.sys.mjs:8:8\nWebDriverError@chrome://remote/content/shared/webdriver/Errors.sys.mjs:193:5\nElementClickInterceptedError@chrome://remote/content/shared/webdriver/Errors.sys.mjs:337:5\nwebdriverClickElement@chrome://remote/content/marionette/interaction.sys.mjs:176:11\ninteraction.clickElement@chrome://remote/content/marionette/interaction.sys.mjs:135:11\nclickElement@chrome://remote/content/marionette/actors/MarionetteCommandsChild.sys.mjs:204:29\nreceiveMessage@chrome://remote/content/marionette/actors/MarionetteCommandsChild.sys.mjs:84:31\n\n", "trace": "  File \"C:\\Users\\Сергей\\AppData\\Local\\Packages\\PythonSoftwareFoundation.Python.3.12_qbz5n2kfra8p0\\LocalCache\\local-packages\\Python312\\site-packages\\allure_commons\\_allure.py\", line 192, in impl\n    return func(*a, **kw)\n           ^^^^^^^^^^^^^^\n  File \"C:\\Users\\Сергей\\PycharmProjects\\Diplom\\Diplom_3\\pages\\base_page.py\", line 40, in click_element_located\n    message=f'Element not found in {locator}').click()\n                                               ^^^^^^^\n  File \"C:\\Users\\Сергей\\AppData\\Local\\Packages\\PythonSoftwareFoundation.Python.3.12_qbz5n2kfra8p0\\LocalCache\\local-packages\\Python312\\site-packages\\selenium\\webdriver\\remote\\webelement.py\", line 94, in click\n    self._execute(Command.CLICK_ELEMENT)\n  File \"C:\\Users\\Сергей\\AppData\\Local\\Packages\\PythonSoftwareFoundation.Python.3.12_qbz5n2kfra8p0\\LocalCache\\local-packages\\Python312\\site-packages\\selenium\\webdriver\\remote\\webelement.py\", line 395, in _execute\n    return self._parent.execute(command, params)\n           ^^^^^^^^^^^^^^^^^^^^^^^^^^^^^^^^^^^^^\n  File \"C:\\Users\\Сергей\\AppData\\Local\\Packages\\PythonSoftwareFoundation.Python.3.12_qbz5n2kfra8p0\\LocalCache\\local-packages\\Python312\\site-packages\\selenium\\webdriver\\remote\\webdriver.py\", line 347, in execute\n    self.error_handler.check_response(response)\n  File \"C:\\Users\\Сергей\\AppData\\Local\\Packages\\PythonSoftwareFoundation.Python.3.12_qbz5n2kfra8p0\\LocalCache\\local-packages\\Python312\\site-packages\\selenium\\webdriver\\remote\\errorhandler.py\", line 229, in check_response\n    raise exception_class(message, screen, stacktrace)\n"}, "parameters": [{"name": "locator", "value": "('xpath', \"//p[text() = 'Личный Кабинет']\")"}, {"name": "time", "value": "10"}], "start": 1714931322851, "stop": 1714931322862}], "start": 1714931322851, "stop": 1714931322863}], "parameters": [{"name": "driver", "value": "'firefox'"}], "start": 1714931321642, "stop": 1714931322864, "uuid": "598b05ae-2ca9-4766-bce7-a9dedb45b961", "historyId": "e0bf960dd50fbe091064c6a38e9ff424", "testCaseId": "438c4048c4dcb6ee2fb84a2489d40716", "fullName": "tests.test_personal_cabinet.TestPrivateArea#test_private_area_route_to_history", "labels": [{"name": "parentSuite", "value": "tests"}, {"name": "suite", "value": "test_personal_cabinet"}, {"name": "subSuite", "value": "TestPrivateArea"}, {"name": "host", "value": "DESKTOP-6OEUNT0"}, {"name": "thread", "value": "2212-MainThread"}, {"name": "framework", "value": "pytest"}, {"name": "language", "value": "cpython3"}, {"name": "package", "value": "tests.test_personal_cabinet"}]}